2024-06-18T14:44:59.484+0800	[34mINFO[0m	/Users/moocss/work/GoProjects/sea-kit/zlog/v2/global_test.go:15	test info
2024-06-18T14:44:59.484+0800	[31mERROR[0m	/Users/moocss/work/GoProjects/sea-kit/zlog/v2/global_test.go:16	test error
github.com/apus-run/sea-kit/zlog/v2.TestGlobalLog
	/Users/moocss/work/GoProjects/sea-kit/zlog/v2/global_test.go:16
testing.tRunner
	/usr/local/go/src/testing/testing.go:1689
2024-06-18T14:44:59.484+0800	[33mWARN[0m	/Users/moocss/work/GoProjects/sea-kit/zlog/v2/global_test.go:17	test warn
2024-06-18T14:44:59.484+0800	[31mERROR[0m	/Users/moocss/work/GoProjects/sea-kit/zlog/v2/global_test.go:19	处理业务逻辑出错	{"path": "/global.go", "route": "/hello", "error": "自定义错误", "time": "2024-06-18T14:44:59.484+0800", "duration": 0.00000001}
github.com/apus-run/sea-kit/zlog/v2.TestGlobalLog
	/Users/moocss/work/GoProjects/sea-kit/zlog/v2/global_test.go:19
testing.tRunner
	/usr/local/go/src/testing/testing.go:1689
2024-06-18T15:04:32.653+0800	[34mINFO[0m	/Users/moocss/work/GoProjects/sea-kit/zlog/v2/global_test.go:15	test info
2024-06-18T15:04:32.653+0800	[31mERROR[0m	/Users/moocss/work/GoProjects/sea-kit/zlog/v2/global_test.go:16	test error
github.com/apus-run/sea-kit/zlog/v2.TestGlobalLog
	/Users/moocss/work/GoProjects/sea-kit/zlog/v2/global_test.go:16
testing.tRunner
	/usr/local/go/src/testing/testing.go:1689
2024-06-18T15:04:32.653+0800	[33mWARN[0m	/Users/moocss/work/GoProjects/sea-kit/zlog/v2/global_test.go:17	test warn
2024-06-18T15:04:32.653+0800	[31mERROR[0m	/Users/moocss/work/GoProjects/sea-kit/zlog/v2/global_test.go:19	处理业务逻辑出错	{"path": "/global.go", "route": "/hello", "error": "", "time": "", "duration": ""}
github.com/apus-run/sea-kit/zlog/v2.TestGlobalLog
	/Users/moocss/work/GoProjects/sea-kit/zlog/v2/global_test.go:19
testing.tRunner
	/usr/local/go/src/testing/testing.go:1689
2024-06-18T15:05:29.152+0800	[34mINFO[0m	/Users/moocss/work/GoProjects/sea-kit/zlog/v2/global_test.go:15	test info	{"path": "/global.go"}
2024-06-18T15:05:29.152+0800	[31mERROR[0m	/Users/moocss/work/GoProjects/sea-kit/zlog/v2/global_test.go:16	test error
github.com/apus-run/sea-kit/zlog/v2.TestGlobalLog
	/Users/moocss/work/GoProjects/sea-kit/zlog/v2/global_test.go:16
testing.tRunner
	/usr/local/go/src/testing/testing.go:1689
2024-06-18T15:05:29.152+0800	[33mWARN[0m	/Users/moocss/work/GoProjects/sea-kit/zlog/v2/global_test.go:17	test warn
2024-06-18T15:05:29.152+0800	[31mERROR[0m	/Users/moocss/work/GoProjects/sea-kit/zlog/v2/global_test.go:19	处理业务逻辑出错	{"path": "/global.go", "route": "/hello", "error": "", "time": "", "duration": ""}
github.com/apus-run/sea-kit/zlog/v2.TestGlobalLog
	/Users/moocss/work/GoProjects/sea-kit/zlog/v2/global_test.go:19
testing.tRunner
	/usr/local/go/src/testing/testing.go:1689
2024-06-18T15:05:46.296+0800	[34mINFO[0m	/Users/moocss/work/GoProjects/sea-kit/zlog/v2/global_test.go:15	test info	{"path": "/global.go", "route": "/global.go"}
2024-06-18T15:05:46.296+0800	[31mERROR[0m	/Users/moocss/work/GoProjects/sea-kit/zlog/v2/global_test.go:16	test error
github.com/apus-run/sea-kit/zlog/v2.TestGlobalLog
	/Users/moocss/work/GoProjects/sea-kit/zlog/v2/global_test.go:16
testing.tRunner
	/usr/local/go/src/testing/testing.go:1689
2024-06-18T15:05:46.296+0800	[33mWARN[0m	/Users/moocss/work/GoProjects/sea-kit/zlog/v2/global_test.go:17	test warn
2024-06-18T15:05:46.296+0800	[31mERROR[0m	/Users/moocss/work/GoProjects/sea-kit/zlog/v2/global_test.go:19	处理业务逻辑出错	{"path": "/global.go", "route": "/hello", "error": "", "time": "", "duration": ""}
github.com/apus-run/sea-kit/zlog/v2.TestGlobalLog
	/Users/moocss/work/GoProjects/sea-kit/zlog/v2/global_test.go:19
testing.tRunner
	/usr/local/go/src/testing/testing.go:1689
2024-06-18T15:06:28.595+0800	[34mINFO[0m	/Users/moocss/work/GoProjects/sea-kit/zlog/v2/global_test.go:15	test info
2024-06-18T15:06:28.596+0800	[31mERROR[0m	/Users/moocss/work/GoProjects/sea-kit/zlog/v2/global_test.go:16	test error
github.com/apus-run/sea-kit/zlog/v2.TestGlobalLog
	/Users/moocss/work/GoProjects/sea-kit/zlog/v2/global_test.go:16
testing.tRunner
	/usr/local/go/src/testing/testing.go:1689
2024-06-18T15:06:28.596+0800	[33mWARN[0m	/Users/moocss/work/GoProjects/sea-kit/zlog/v2/global_test.go:17	test warn
2024-06-18T15:06:28.596+0800	[31mERROR[0m	/Users/moocss/work/GoProjects/sea-kit/zlog/v2/global_test.go:19	处理业务逻辑出错	{"path": "/global.go", "route": "/hello", "error": "", "time": "", "duration": ""}
github.com/apus-run/sea-kit/zlog/v2.TestGlobalLog
	/Users/moocss/work/GoProjects/sea-kit/zlog/v2/global_test.go:19
testing.tRunner
	/usr/local/go/src/testing/testing.go:1689
2024-06-20T09:00:35.921+0800	[34mINFO[0m	/Users/moocss/work/GoProjects/sea-kit/zlog/v2/global_test.go:31	test info
2024-06-20T09:00:35.922+0800	[31mERROR[0m	/Users/moocss/work/GoProjects/sea-kit/zlog/v2/global_test.go:32	test error
github.com/apus-run/sea-kit/zlog/v2.TestGlobalLog
	/Users/moocss/work/GoProjects/sea-kit/zlog/v2/global_test.go:32
testing.tRunner
	/usr/local/go/src/testing/testing.go:1689
2024-06-20T09:00:35.922+0800	[33mWARN[0m	/Users/moocss/work/GoProjects/sea-kit/zlog/v2/global_test.go:33	test warn
2024-06-20T09:00:35.922+0800	[31mERROR[0m	/Users/moocss/work/GoProjects/sea-kit/zlog/v2/global_test.go:35	处理业务逻辑出错	{"path": "/global.go", "route": "/hello", "error": "", "time": "", "duration": ""}
github.com/apus-run/sea-kit/zlog/v2.TestGlobalLog
	/Users/moocss/work/GoProjects/sea-kit/zlog/v2/global_test.go:35
testing.tRunner
	/usr/local/go/src/testing/testing.go:1689
2024-06-20T10:50:56.270+0800	[34mINFO[0m	/Users/moocss/work/GoProjects/sea-kit/zlog/v2/log.go:130	test info
2024-06-20T10:52:31.941+0800	[34mINFO[0m	/Users/moocss/work/GoProjects/sea-kit/zlog/v2/log.go:130	test info
2024-06-20T10:52:31.941+0800	[31mERROR[0m	/Users/moocss/work/GoProjects/sea-kit/zlog/v2/log.go:134	test error
github.com/apus-run/sea-kit/zlog/v2.(*ZapLogger).Error
	/Users/moocss/work/GoProjects/sea-kit/zlog/v2/log.go:134
github.com/apus-run/sea-kit/zlog/v2.TestContext
	/Users/moocss/work/GoProjects/sea-kit/zlog/v2/global_test.go:48
testing.tRunner
	/usr/local/go/src/testing/testing.go:1689
2024-06-20T10:52:31.941+0800	[33mWARN[0m	/Users/moocss/work/GoProjects/sea-kit/zlog/v2/log.go:142	test warn
2024-06-20T10:52:31.941+0800	[31mERROR[0m	/Users/moocss/work/GoProjects/sea-kit/zlog/v2/log.go:134	处理业务逻辑出错	{"path": "/global.go", "route": "/hello", "error": "", "time": "", "duration": ""}
github.com/apus-run/sea-kit/zlog/v2.(*ZapLogger).Error
	/Users/moocss/work/GoProjects/sea-kit/zlog/v2/log.go:134
github.com/apus-run/sea-kit/zlog/v2.TestContext
	/Users/moocss/work/GoProjects/sea-kit/zlog/v2/global_test.go:50
testing.tRunner
	/usr/local/go/src/testing/testing.go:1689
2024-06-20T10:54:44.139+0800	[34mINFO[0m	/Users/moocss/work/GoProjects/sea-kit/zlog/v2/log.go:130	test info
2024-06-20T10:54:44.140+0800	[31mERROR[0m	/Users/moocss/work/GoProjects/sea-kit/zlog/v2/log.go:134	test error
github.com/apus-run/sea-kit/zlog/v2.(*ZapLogger).Error
	/Users/moocss/work/GoProjects/sea-kit/zlog/v2/log.go:134
github.com/apus-run/sea-kit/zlog/v2.TestContext
	/Users/moocss/work/GoProjects/sea-kit/zlog/v2/global_test.go:48
testing.tRunner
	/usr/local/go/src/testing/testing.go:1689
2024-06-20T10:54:44.140+0800	[33mWARN[0m	/Users/moocss/work/GoProjects/sea-kit/zlog/v2/log.go:142	test warn
2024-06-20T10:54:44.140+0800	[31mERROR[0m	/Users/moocss/work/GoProjects/sea-kit/zlog/v2/log.go:134	处理业务逻辑出错	{"path": "/global.go", "route": "/hello", "error": "", "time": "", "duration": ""}
github.com/apus-run/sea-kit/zlog/v2.(*ZapLogger).Error
	/Users/moocss/work/GoProjects/sea-kit/zlog/v2/log.go:134
github.com/apus-run/sea-kit/zlog/v2.TestContext
	/Users/moocss/work/GoProjects/sea-kit/zlog/v2/global_test.go:50
testing.tRunner
	/usr/local/go/src/testing/testing.go:1689
2024-06-20T10:57:21.051+0800	[34mINFO[0m	/Users/moocss/work/GoProjects/sea-kit/zlog/v2/global_test.go:32	test info
2024-06-20T10:57:21.052+0800	[31mERROR[0m	/Users/moocss/work/GoProjects/sea-kit/zlog/v2/global_test.go:33	test error
github.com/apus-run/sea-kit/zlog/v2.TestGlobalLog
	/Users/moocss/work/GoProjects/sea-kit/zlog/v2/global_test.go:33
testing.tRunner
	/usr/local/go/src/testing/testing.go:1689
2024-06-20T10:57:21.052+0800	[33mWARN[0m	/Users/moocss/work/GoProjects/sea-kit/zlog/v2/global_test.go:34	test warn
2024-06-20T10:57:21.052+0800	[31mERROR[0m	/Users/moocss/work/GoProjects/sea-kit/zlog/v2/global_test.go:36	处理业务逻辑出错	{"path": "/global.go", "route": "/hello", "error": "", "time": "", "duration": ""}
github.com/apus-run/sea-kit/zlog/v2.TestGlobalLog
	/Users/moocss/work/GoProjects/sea-kit/zlog/v2/global_test.go:36
testing.tRunner
	/usr/local/go/src/testing/testing.go:1689
2024-06-20T10:57:38.202+0800	[34mINFO[0m	/Users/moocss/work/GoProjects/sea-kit/zlog/v2/log.go:130	test info
2024-06-20T10:57:38.203+0800	[31mERROR[0m	/Users/moocss/work/GoProjects/sea-kit/zlog/v2/log.go:134	test error
github.com/apus-run/sea-kit/zlog/v2.(*ZapLogger).Error
	/Users/moocss/work/GoProjects/sea-kit/zlog/v2/log.go:134
github.com/apus-run/sea-kit/zlog/v2.TestContext
	/Users/moocss/work/GoProjects/sea-kit/zlog/v2/global_test.go:48
testing.tRunner
	/usr/local/go/src/testing/testing.go:1689
2024-06-20T10:57:38.203+0800	[33mWARN[0m	/Users/moocss/work/GoProjects/sea-kit/zlog/v2/log.go:142	test warn
2024-06-20T10:57:38.203+0800	[31mERROR[0m	/Users/moocss/work/GoProjects/sea-kit/zlog/v2/log.go:134	处理业务逻辑出错	{"path": "/global.go", "route": "/hello", "error": "", "time": "", "duration": ""}
github.com/apus-run/sea-kit/zlog/v2.(*ZapLogger).Error
	/Users/moocss/work/GoProjects/sea-kit/zlog/v2/log.go:134
github.com/apus-run/sea-kit/zlog/v2.TestContext
	/Users/moocss/work/GoProjects/sea-kit/zlog/v2/global_test.go:50
testing.tRunner
	/usr/local/go/src/testing/testing.go:1689
2024-06-20T11:00:02.385+0800	[34mINFO[0m	/Users/moocss/work/GoProjects/sea-kit/zlog/v2/log.go:130	test info
2024-06-20T11:00:02.386+0800	[31mERROR[0m	/Users/moocss/work/GoProjects/sea-kit/zlog/v2/log.go:134	test error
github.com/apus-run/sea-kit/zlog/v2.(*ZapLogger).Error
	/Users/moocss/work/GoProjects/sea-kit/zlog/v2/log.go:134
github.com/apus-run/sea-kit/zlog/v2.TestContext
	/Users/moocss/work/GoProjects/sea-kit/zlog/v2/global_test.go:48
testing.tRunner
	/usr/local/go/src/testing/testing.go:1689
2024-06-20T11:00:02.386+0800	[33mWARN[0m	/Users/moocss/work/GoProjects/sea-kit/zlog/v2/log.go:142	test warn
2024-06-20T11:00:02.386+0800	[31mERROR[0m	/Users/moocss/work/GoProjects/sea-kit/zlog/v2/log.go:134	处理业务逻辑出错	{"path": "/global.go", "route": "/hello", "error": "", "time": "", "duration": ""}
github.com/apus-run/sea-kit/zlog/v2.(*ZapLogger).Error
	/Users/moocss/work/GoProjects/sea-kit/zlog/v2/log.go:134
github.com/apus-run/sea-kit/zlog/v2.TestContext
	/Users/moocss/work/GoProjects/sea-kit/zlog/v2/global_test.go:50
testing.tRunner
	/usr/local/go/src/testing/testing.go:1689
2024-06-20T11:02:53.922+0800	[34mINFO[0m	/Users/moocss/work/GoProjects/sea-kit/zlog/v2/log.go:130	test info
2024-06-20T11:03:50.585+0800	[34mINFO[0m	/Users/moocss/work/GoProjects/sea-kit/zlog/v2/log.go:130	test info
2024-06-20T11:03:50.585+0800	[31mERROR[0m	/Users/moocss/work/GoProjects/sea-kit/zlog/v2/log.go:178	test error%!(EXTRA []zapcore.Field=[])
github.com/apus-run/sea-kit/zlog/v2.(*ZapLogger).Errorf
	/Users/moocss/work/GoProjects/sea-kit/zlog/v2/log.go:178
github.com/apus-run/sea-kit/zlog/v2.(*ZapLogger).Error
	/Users/moocss/work/GoProjects/sea-kit/zlog/v2/log.go:134
github.com/apus-run/sea-kit/zlog/v2.TestContext
	/Users/moocss/work/GoProjects/sea-kit/zlog/v2/global_test.go:48
testing.tRunner
	/usr/local/go/src/testing/testing.go:1689
2024-06-20T11:03:50.585+0800	[33mWARN[0m	/Users/moocss/work/GoProjects/sea-kit/zlog/v2/log.go:142	test warn
2024-06-20T11:03:50.585+0800	[31mERROR[0m	/Users/moocss/work/GoProjects/sea-kit/zlog/v2/log.go:178	处理业务逻辑出错%!(EXTRA []zapcore.Field=[{path 15 0 /global.go <nil>} {route 15 0 /hello <nil>} {error 26 0  自定义错误} {time 16 1718852630585350000  Local} {duration 8 10  <nil>}])
github.com/apus-run/sea-kit/zlog/v2.(*ZapLogger).Errorf
	/Users/moocss/work/GoProjects/sea-kit/zlog/v2/log.go:178
github.com/apus-run/sea-kit/zlog/v2.(*ZapLogger).Error
	/Users/moocss/work/GoProjects/sea-kit/zlog/v2/log.go:134
github.com/apus-run/sea-kit/zlog/v2.TestContext
	/Users/moocss/work/GoProjects/sea-kit/zlog/v2/global_test.go:50
testing.tRunner
	/usr/local/go/src/testing/testing.go:1689
2024-06-20T11:05:04.656+0800	[34mINFO[0m	/Users/moocss/work/GoProjects/sea-kit/zlog/v2/log.go:130	test info
2024-06-20T11:05:04.656+0800	[31mERROR[0m	/Users/moocss/work/GoProjects/sea-kit/zlog/v2/log.go:134	test error
github.com/apus-run/sea-kit/zlog/v2.(*ZapLogger).Error
	/Users/moocss/work/GoProjects/sea-kit/zlog/v2/log.go:134
github.com/apus-run/sea-kit/zlog/v2.TestContext
	/Users/moocss/work/GoProjects/sea-kit/zlog/v2/global_test.go:48
testing.tRunner
	/usr/local/go/src/testing/testing.go:1689
2024-06-20T11:06:34.656+0800	[34mINFO[0m	/Users/moocss/work/GoProjects/sea-kit/zlog/v2/log.go:130	test info
2024-06-20T11:06:34.657+0800	[31mERROR[0m	/Users/moocss/work/GoProjects/sea-kit/zlog/v2/log.go:134	test error
github.com/apus-run/sea-kit/zlog/v2.(*ZapLogger).Error
	/Users/moocss/work/GoProjects/sea-kit/zlog/v2/log.go:134
github.com/apus-run/sea-kit/zlog/v2.TestContext
	/Users/moocss/work/GoProjects/sea-kit/zlog/v2/global_test.go:49
testing.tRunner
	/usr/local/go/src/testing/testing.go:1689
2024-06-20T11:07:11.888+0800	[34mINFO[0m	/Users/moocss/work/GoProjects/sea-kit/zlog/v2/global_test.go:32	test info
2024-06-20T11:07:11.888+0800	[31mERROR[0m	/Users/moocss/work/GoProjects/sea-kit/zlog/v2/global_test.go:33	test error
github.com/apus-run/sea-kit/zlog/v2.TestGlobalLog
	/Users/moocss/work/GoProjects/sea-kit/zlog/v2/global_test.go:33
testing.tRunner
	/usr/local/go/src/testing/testing.go:1689
2024-06-20T11:07:11.888+0800	[33mWARN[0m	/Users/moocss/work/GoProjects/sea-kit/zlog/v2/global_test.go:34	test warn
2024-06-20T11:07:11.888+0800	[31mERROR[0m	/Users/moocss/work/GoProjects/sea-kit/zlog/v2/global_test.go:36	处理业务逻辑出错	{"path": "/global.go", "route": "/hello", "error": "", "time": "", "duration": ""}
github.com/apus-run/sea-kit/zlog/v2.TestGlobalLog
	/Users/moocss/work/GoProjects/sea-kit/zlog/v2/global_test.go:36
testing.tRunner
	/usr/local/go/src/testing/testing.go:1689
2024-06-20T11:07:42.844+0800	[34mINFO[0m	/Users/moocss/work/GoProjects/sea-kit/zlog/v2/log.go:130	test info
2024-06-20T11:07:42.845+0800	[31mERROR[0m	/Users/moocss/work/GoProjects/sea-kit/zlog/v2/log.go:134	test error
github.com/apus-run/sea-kit/zlog/v2.(*ZapLogger).Error
	/Users/moocss/work/GoProjects/sea-kit/zlog/v2/log.go:134
github.com/apus-run/sea-kit/zlog/v2.TestContext
	/Users/moocss/work/GoProjects/sea-kit/zlog/v2/global_test.go:49
testing.tRunner
	/usr/local/go/src/testing/testing.go:1689
2024-06-20T11:10:55.136+0800	[34mINFO[0m	/Users/moocss/work/GoProjects/sea-kit/zlog/v2/log.go:130	test info
2024-06-20T11:10:55.137+0800	[31mERROR[0m	/Users/moocss/work/GoProjects/sea-kit/zlog/v2/log.go:134	test error
github.com/apus-run/sea-kit/zlog/v2.(*ZapLogger).Error
	/Users/moocss/work/GoProjects/sea-kit/zlog/v2/log.go:134
github.com/apus-run/sea-kit/zlog/v2.TestContext
	/Users/moocss/work/GoProjects/sea-kit/zlog/v2/global_test.go:49
testing.tRunner
	/usr/local/go/src/testing/testing.go:1689
2024-06-20T11:10:55.137+0800	[33mWARN[0m	/Users/moocss/work/GoProjects/sea-kit/zlog/v2/log.go:142	test warn
2024-06-20T11:10:55.137+0800	[31mERROR[0m	/Users/moocss/work/GoProjects/sea-kit/zlog/v2/log.go:134	处理业务逻辑出错	{"path": "/global.go", "route": "/hello", "error": "", "time": "", "duration": ""}
github.com/apus-run/sea-kit/zlog/v2.(*ZapLogger).Error
	/Users/moocss/work/GoProjects/sea-kit/zlog/v2/log.go:134
github.com/apus-run/sea-kit/zlog/v2.TestContext
	/Users/moocss/work/GoProjects/sea-kit/zlog/v2/global_test.go:51
testing.tRunner
	/usr/local/go/src/testing/testing.go:1689
2024-07-04T15:17:08.835+0800	[34mINFO[0m	/Users/moocss/work/GoProjects/sea-kit/zlog/v2/global_test.go:32	test info
2024-07-04T15:17:08.840+0800	[31mERROR[0m	/Users/moocss/work/GoProjects/sea-kit/zlog/v2/global_test.go:33	test error
github.com/apus-run/sea-kit/zlog/v2.TestGlobalLog
	/Users/moocss/work/GoProjects/sea-kit/zlog/v2/global_test.go:33
testing.tRunner
	/usr/local/go/src/testing/testing.go:1689
2024-07-04T15:17:08.840+0800	[33mWARN[0m	/Users/moocss/work/GoProjects/sea-kit/zlog/v2/global_test.go:34	test warn
2024-07-04T15:17:08.840+0800	[31mERROR[0m	/Users/moocss/work/GoProjects/sea-kit/zlog/v2/global_test.go:36	处理业务逻辑出错	{"path": "/global.go", "route": "/hello", "error": "", "time": "", "duration": ""}
github.com/apus-run/sea-kit/zlog/v2.TestGlobalLog
	/Users/moocss/work/GoProjects/sea-kit/zlog/v2/global_test.go:36
testing.tRunner
	/usr/local/go/src/testing/testing.go:1689
2024-07-04T15:17:21.571+0800	[34mINFO[0m	/Users/moocss/work/GoProjects/sea-kit/zlog/v2/global_test.go:32	test info
2024-07-04T15:17:21.571+0800	[31mERROR[0m	/Users/moocss/work/GoProjects/sea-kit/zlog/v2/global_test.go:33	test error
github.com/apus-run/sea-kit/zlog/v2.TestGlobalLog
	/Users/moocss/work/GoProjects/sea-kit/zlog/v2/global_test.go:33
testing.tRunner
	/usr/local/go/src/testing/testing.go:1689
2024-07-04T15:17:21.571+0800	[33mWARN[0m	/Users/moocss/work/GoProjects/sea-kit/zlog/v2/global_test.go:34	test warn
2024-07-04T15:17:21.571+0800	[31mERROR[0m	/Users/moocss/work/GoProjects/sea-kit/zlog/v2/global_test.go:36	处理业务逻辑出错	{"path": "/global.go", "route": "/hello", "error": "", "time": "", "duration": ""}
github.com/apus-run/sea-kit/zlog/v2.TestGlobalLog
	/Users/moocss/work/GoProjects/sea-kit/zlog/v2/global_test.go:36
testing.tRunner
	/usr/local/go/src/testing/testing.go:1689
2024-07-04T15:17:27.684+0800	[34mINFO[0m	/Users/moocss/work/GoProjects/sea-kit/zlog/v2/global_test.go:17	test info
2024-07-04T15:17:27.684+0800	[31mERROR[0m	/Users/moocss/work/GoProjects/sea-kit/zlog/v2/global_test.go:18	test error
github.com/apus-run/sea-kit/zlog/v2.TestGlobalLogInit
	/Users/moocss/work/GoProjects/sea-kit/zlog/v2/global_test.go:18
testing.tRunner
	/usr/local/go/src/testing/testing.go:1689
2024-07-04T15:17:27.684+0800	[33mWARN[0m	/Users/moocss/work/GoProjects/sea-kit/zlog/v2/global_test.go:19	test warn
2024-07-04T15:17:27.684+0800	[31mERROR[0m	/Users/moocss/work/GoProjects/sea-kit/zlog/v2/global_test.go:21	处理业务逻辑出错	{"path": "/global.go", "route": "/hello", "error": "", "time": "", "duration": ""}
github.com/apus-run/sea-kit/zlog/v2.TestGlobalLogInit
	/Users/moocss/work/GoProjects/sea-kit/zlog/v2/global_test.go:21
testing.tRunner
	/usr/local/go/src/testing/testing.go:1689
2024-07-04T15:18:14.121+0800	[34mINFO[0m	/Users/moocss/work/GoProjects/sea-kit/zlog/v2/global_test.go:17	test info
2024-07-04T15:18:14.122+0800	[31mERROR[0m	/Users/moocss/work/GoProjects/sea-kit/zlog/v2/global_test.go:18	test error
github.com/apus-run/sea-kit/zlog/v2.TestGlobalLogInit
	/Users/moocss/work/GoProjects/sea-kit/zlog/v2/global_test.go:18
testing.tRunner
	/usr/local/go/src/testing/testing.go:1689
2024-07-04T15:18:14.122+0800	[33mWARN[0m	/Users/moocss/work/GoProjects/sea-kit/zlog/v2/global_test.go:19	test warn
2024-07-04T15:18:14.122+0800	[31mERROR[0m	/Users/moocss/work/GoProjects/sea-kit/zlog/v2/global_test.go:21	处理业务逻辑出错	{"path": "/global.go", "route": "/hello", "error": "", "time": "", "duration": ""}
github.com/apus-run/sea-kit/zlog/v2.TestGlobalLogInit
	/Users/moocss/work/GoProjects/sea-kit/zlog/v2/global_test.go:21
testing.tRunner
	/usr/local/go/src/testing/testing.go:1689
2024-07-04T15:20:23.040+0800	[34mINFO[0m	/Users/moocss/work/GoProjects/sea-kit/zlog/v2/global_test.go:32	test info
2024-07-04T15:20:23.046+0800	[31mERROR[0m	/Users/moocss/work/GoProjects/sea-kit/zlog/v2/global_test.go:33	test error
github.com/apus-run/sea-kit/zlog/v2.TestGlobalLog
	/Users/moocss/work/GoProjects/sea-kit/zlog/v2/global_test.go:33
testing.tRunner
	/usr/local/go/src/testing/testing.go:1689
2024-07-04T15:20:23.046+0800	[33mWARN[0m	/Users/moocss/work/GoProjects/sea-kit/zlog/v2/global_test.go:34	test warn
2024-07-04T15:20:23.046+0800	[31mERROR[0m	/Users/moocss/work/GoProjects/sea-kit/zlog/v2/global_test.go:36	处理业务逻辑出错	{"path": "/global.go", "route": "/hello", "error": "", "time": "", "duration": ""}
github.com/apus-run/sea-kit/zlog/v2.TestGlobalLog
	/Users/moocss/work/GoProjects/sea-kit/zlog/v2/global_test.go:36
testing.tRunner
	/usr/local/go/src/testing/testing.go:1689
2024-07-04T15:20:41.206+0800	[34mINFO[0m	/Users/moocss/work/GoProjects/sea-kit/zlog/v2/log.go:130	test info
2024-07-04T15:20:41.206+0800	[31mERROR[0m	/Users/moocss/work/GoProjects/sea-kit/zlog/v2/log.go:134	test error
github.com/apus-run/sea-kit/zlog/v2.(*ZapLogger).Error
	/Users/moocss/work/GoProjects/sea-kit/zlog/v2/log.go:134
github.com/apus-run/sea-kit/zlog/v2.TestContext
	/Users/moocss/work/GoProjects/sea-kit/zlog/v2/global_test.go:49
testing.tRunner
	/usr/local/go/src/testing/testing.go:1689
2024-07-04T15:20:41.206+0800	[33mWARN[0m	/Users/moocss/work/GoProjects/sea-kit/zlog/v2/log.go:142	test warn
2024-07-04T15:20:41.206+0800	[31mERROR[0m	/Users/moocss/work/GoProjects/sea-kit/zlog/v2/log.go:134	处理业务逻辑出错	{"path": "/global.go", "route": "/hello", "error": "", "time": "", "duration": ""}
github.com/apus-run/sea-kit/zlog/v2.(*ZapLogger).Error
	/Users/moocss/work/GoProjects/sea-kit/zlog/v2/log.go:134
github.com/apus-run/sea-kit/zlog/v2.TestContext
	/Users/moocss/work/GoProjects/sea-kit/zlog/v2/global_test.go:51
testing.tRunner
	/usr/local/go/src/testing/testing.go:1689
2024-07-04T15:22:12.077+0800	[34mINFO[0m	/Users/moocss/work/GoProjects/sea-kit/zlog/v2/log.go:130	test info
2024-07-04T15:22:12.077+0800	[31mERROR[0m	/Users/moocss/work/GoProjects/sea-kit/zlog/v2/log.go:134	test error
github.com/apus-run/sea-kit/zlog/v2.(*ZapLogger).Error
	/Users/moocss/work/GoProjects/sea-kit/zlog/v2/log.go:134
github.com/apus-run/sea-kit/zlog/v2.TestContext
	/Users/moocss/work/GoProjects/sea-kit/zlog/v2/global_test.go:49
testing.tRunner
	/usr/local/go/src/testing/testing.go:1689
2024-07-04T15:22:12.077+0800	[33mWARN[0m	/Users/moocss/work/GoProjects/sea-kit/zlog/v2/log.go:142	test warn
2024-07-04T15:22:12.078+0800	[31mERROR[0m	/Users/moocss/work/GoProjects/sea-kit/zlog/v2/log.go:134	处理业务逻辑出错	{"path": "/global.go", "route": "/hello", "error": "", "time": "", "duration": ""}
github.com/apus-run/sea-kit/zlog/v2.(*ZapLogger).Error
	/Users/moocss/work/GoProjects/sea-kit/zlog/v2/log.go:134
github.com/apus-run/sea-kit/zlog/v2.TestContext
	/Users/moocss/work/GoProjects/sea-kit/zlog/v2/global_test.go:51
testing.tRunner
	/usr/local/go/src/testing/testing.go:1689
2024-07-04T15:33:03.167+0800	[34mINFO[0m	/Users/moocss/work/GoProjects/sea-kit/zlog/v2/log.go:130	test info	{"name": "foo"}
2024-07-04T15:33:03.180+0800	[31mERROR[0m	/Users/moocss/work/GoProjects/sea-kit/zlog/v2/log.go:134	test error	{"name": "foo"}
github.com/apus-run/sea-kit/zlog/v2.(*ZapLogger).Error
	/Users/moocss/work/GoProjects/sea-kit/zlog/v2/log.go:134
github.com/apus-run/sea-kit/zlog/v2.TestContext
	/Users/moocss/work/GoProjects/sea-kit/zlog/v2/global_test.go:54
testing.tRunner
	/usr/local/go/src/testing/testing.go:1689
2024-07-04T15:33:03.183+0800	[33mWARN[0m	/Users/moocss/work/GoProjects/sea-kit/zlog/v2/log.go:142	test warn	{"name": "foo"}
2024-07-04T15:33:03.183+0800	[31mERROR[0m	/Users/moocss/work/GoProjects/sea-kit/zlog/v2/log.go:134	处理业务逻辑出错	{"name": "foo", "path": "/global.go", "route": "/hello", "error": "", "time": "", "duration": ""}
github.com/apus-run/sea-kit/zlog/v2.(*ZapLogger).Error
	/Users/moocss/work/GoProjects/sea-kit/zlog/v2/log.go:134
github.com/apus-run/sea-kit/zlog/v2.TestContext
	/Users/moocss/work/GoProjects/sea-kit/zlog/v2/global_test.go:56
testing.tRunner
	/usr/local/go/src/testing/testing.go:1689
2024-07-04T15:33:36.597+0800	[34mINFO[0m	/Users/moocss/work/GoProjects/sea-kit/zlog/v2/log.go:130	test info	{"name": "foo"}
2024-07-04T15:33:36.597+0800	[31mERROR[0m	/Users/moocss/work/GoProjects/sea-kit/zlog/v2/log.go:134	test error	{"name": "foo"}
github.com/apus-run/sea-kit/zlog/v2.(*ZapLogger).Error
	/Users/moocss/work/GoProjects/sea-kit/zlog/v2/log.go:134
github.com/apus-run/sea-kit/zlog/v2.TestContext
	/Users/moocss/work/GoProjects/sea-kit/zlog/v2/global_test.go:54
testing.tRunner
	/usr/local/go/src/testing/testing.go:1689
2024-07-04T15:33:36.597+0800	[33mWARN[0m	/Users/moocss/work/GoProjects/sea-kit/zlog/v2/log.go:142	test warn	{"name": "foo"}
2024-07-04T15:33:36.597+0800	[31mERROR[0m	/Users/moocss/work/GoProjects/sea-kit/zlog/v2/log.go:134	处理业务逻辑出错	{"name": "foo", "path": "/global.go", "route": "/hello", "error": "", "time": "", "duration": ""}
github.com/apus-run/sea-kit/zlog/v2.(*ZapLogger).Error
	/Users/moocss/work/GoProjects/sea-kit/zlog/v2/log.go:134
github.com/apus-run/sea-kit/zlog/v2.TestContext
	/Users/moocss/work/GoProjects/sea-kit/zlog/v2/global_test.go:56
testing.tRunner
	/usr/local/go/src/testing/testing.go:1689
2024-07-04T15:33:52.394+0800	[34mINFO[0m	/Users/moocss/work/GoProjects/sea-kit/zlog/v2/log.go:130	test info	{"name": "foo"}
2024-07-04T15:33:52.394+0800	[31mERROR[0m	/Users/moocss/work/GoProjects/sea-kit/zlog/v2/log.go:134	test error	{"name": "foo"}
github.com/apus-run/sea-kit/zlog/v2.(*ZapLogger).Error
	/Users/moocss/work/GoProjects/sea-kit/zlog/v2/log.go:134
github.com/apus-run/sea-kit/zlog/v2.TestContext
	/Users/moocss/work/GoProjects/sea-kit/zlog/v2/global_test.go:50
testing.tRunner
	/usr/local/go/src/testing/testing.go:1689
2024-07-04T15:33:52.394+0800	[33mWARN[0m	/Users/moocss/work/GoProjects/sea-kit/zlog/v2/log.go:142	test warn	{"name": "foo"}
2024-07-04T15:33:52.394+0800	[31mERROR[0m	/Users/moocss/work/GoProjects/sea-kit/zlog/v2/log.go:134	处理业务逻辑出错	{"name": "foo", "path": "/global.go", "route": "/hello", "error": "", "time": "", "duration": ""}
github.com/apus-run/sea-kit/zlog/v2.(*ZapLogger).Error
	/Users/moocss/work/GoProjects/sea-kit/zlog/v2/log.go:134
github.com/apus-run/sea-kit/zlog/v2.TestContext
	/Users/moocss/work/GoProjects/sea-kit/zlog/v2/global_test.go:52
testing.tRunner
	/usr/local/go/src/testing/testing.go:1689
